  ClassFactory.cpp
ClassFactory.cpp(48): warning C4838: conversion from 'DWORD' to 'int' requires a narrowing conversion
  dllmain.cpp
  HDF5ThumbnailProvider.cpp
HDF5ThumbnailProvider.cpp(69): warning C4838: conversion from 'DWORD' to 'int' requires a narrowing conversion
HDF5ThumbnailProvider.cpp(119): warning C4244: 'initializing': conversion from 'hssize_t' to 'unsigned int', possible loss of data
  Reg.cpp
     Creating library C:\Users\IEUser\projects\hdf5Thumbnails\windows\cpp\Release\CppShellExtThumbnailHandler.lib and object C:\Users\IEUser\projects\hdf5Thumbnails\windows\cpp\Release\CppShellExtThumbnailHandler.exp
  Generating code
  49 of 427 functions (11.5%) were compiled, the rest were copied from previous compilation.
    0 functions were new in current compilation
    14 functions had inline decision re-evaluated but remain unchanged
  Finished generating code
libszip.lib(rice.obj) : warning LNK4099: PDB 'szip-static.pdb' was not found with 'libszip.lib(rice.obj)' or at 'C:\Users\IEUser\projects\hdf5Thumbnails\windows\cpp\Release\szip-static.pdb'; linking object as if no debug info
libszip.lib(sz_api.obj) : warning LNK4099: PDB 'szip-static.pdb' was not found with 'libszip.lib(sz_api.obj)' or at 'C:\Users\IEUser\projects\hdf5Thumbnails\windows\cpp\Release\szip-static.pdb'; linking object as if no debug info
libszip.lib(encoding.obj) : warning LNK4099: PDB 'szip-static.pdb' was not found with 'libszip.lib(encoding.obj)' or at 'C:\Users\IEUser\projects\hdf5Thumbnails\windows\cpp\Release\szip-static.pdb'; linking object as if no debug info
libzlib.lib(adler32.obj) : warning LNK4099: PDB 'zlib-static.pdb' was not found with 'libzlib.lib(adler32.obj)' or at 'C:\Users\IEUser\projects\hdf5Thumbnails\windows\cpp\Release\zlib-static.pdb'; linking object as if no debug info
libzlib.lib(compress.obj) : warning LNK4099: PDB 'zlib-static.pdb' was not found with 'libzlib.lib(compress.obj)' or at 'C:\Users\IEUser\projects\hdf5Thumbnails\windows\cpp\Release\zlib-static.pdb'; linking object as if no debug info
libzlib.lib(crc32.obj) : warning LNK4099: PDB 'zlib-static.pdb' was not found with 'libzlib.lib(crc32.obj)' or at 'C:\Users\IEUser\projects\hdf5Thumbnails\windows\cpp\Release\zlib-static.pdb'; linking object as if no debug info
libzlib.lib(deflate.obj) : warning LNK4099: PDB 'zlib-static.pdb' was not found with 'libzlib.lib(deflate.obj)' or at 'C:\Users\IEUser\projects\hdf5Thumbnails\windows\cpp\Release\zlib-static.pdb'; linking object as if no debug info
libzlib.lib(inflate.obj) : warning LNK4099: PDB 'zlib-static.pdb' was not found with 'libzlib.lib(inflate.obj)' or at 'C:\Users\IEUser\projects\hdf5Thumbnails\windows\cpp\Release\zlib-static.pdb'; linking object as if no debug info
libzlib.lib(inftrees.obj) : warning LNK4099: PDB 'zlib-static.pdb' was not found with 'libzlib.lib(inftrees.obj)' or at 'C:\Users\IEUser\projects\hdf5Thumbnails\windows\cpp\Release\zlib-static.pdb'; linking object as if no debug info
libzlib.lib(inffast.obj) : warning LNK4099: PDB 'zlib-static.pdb' was not found with 'libzlib.lib(inffast.obj)' or at 'C:\Users\IEUser\projects\hdf5Thumbnails\windows\cpp\Release\zlib-static.pdb'; linking object as if no debug info
libzlib.lib(trees.obj) : warning LNK4099: PDB 'zlib-static.pdb' was not found with 'libzlib.lib(trees.obj)' or at 'C:\Users\IEUser\projects\hdf5Thumbnails\windows\cpp\Release\zlib-static.pdb'; linking object as if no debug info
libzlib.lib(zutil.obj) : warning LNK4099: PDB 'zlib-static.pdb' was not found with 'libzlib.lib(zutil.obj)' or at 'C:\Users\IEUser\projects\hdf5Thumbnails\windows\cpp\Release\zlib-static.pdb'; linking object as if no debug info
libhdf5.lib(H5.obj) : warning LNK4099: PDB 'hdf5-static.pdb' was not found with 'libhdf5.lib(H5.obj)' or at 'C:\Users\IEUser\projects\hdf5Thumbnails\windows\cpp\Release\hdf5-static.pdb'; linking object as if no debug info
libhdf5.lib(H5checksum.obj) : warning LNK4099: PDB 'hdf5-static.pdb' was not found with 'libhdf5.lib(H5checksum.obj)' or at 'C:\Users\IEUser\projects\hdf5Thumbnails\windows\cpp\Release\hdf5-static.pdb'; linking object as if no debug info
libhdf5.lib(H5system.obj) : warning LNK4099: PDB 'hdf5-static.pdb' was not found with 'libhdf5.lib(H5system.obj)' or at 'C:\Users\IEUser\projects\hdf5Thumbnails\windows\cpp\Release\hdf5-static.pdb'; linking object as if no debug info
libhdf5.lib(H5timer.obj) : warning LNK4099: PDB 'hdf5-static.pdb' was not found with 'libhdf5.lib(H5timer.obj)' or at 'C:\Users\IEUser\projects\hdf5Thumbnails\windows\cpp\Release\hdf5-static.pdb'; linking object as if no debug info
libhdf5.lib(H5A.obj) : warning LNK4099: PDB 'hdf5-static.pdb' was not found with 'libhdf5.lib(H5A.obj)' or at 'C:\Users\IEUser\projects\hdf5Thumbnails\windows\cpp\Release\hdf5-static.pdb'; linking object as if no debug info
libhdf5.lib(H5Abtree2.obj) : warning LNK4099: PDB 'hdf5-static.pdb' was not found with 'libhdf5.lib(H5Abtree2.obj)' or at 'C:\Users\IEUser\projects\hdf5Thumbnails\windows\cpp\Release\hdf5-static.pdb'; linking object as if no debug info
libhdf5.lib(H5Adense.obj) : warning LNK4099: PDB 'hdf5-static.pdb' was not found with 'libhdf5.lib(H5Adense.obj)' or at 'C:\Users\IEUser\projects\hdf5Thumbnails\windows\cpp\Release\hdf5-static.pdb'; linking object as if no debug info
libhdf5.lib(H5Adeprec.obj) : warning LNK4099: PDB 'hdf5-static.pdb' was not found with 'libhdf5.lib(H5Adeprec.obj)' or at 'C:\Users\IEUser\projects\hdf5Thumbnails\windows\cpp\Release\hdf5-static.pdb'; linking object as if no debug info
libhdf5.lib(H5Aint.obj) : warning LNK4099: PDB 'hdf5-static.pdb' was not found with 'libhdf5.lib(H5Aint.obj)' or at 'C:\Users\IEUser\projects\hdf5Thumbnails\windows\cpp\Release\hdf5-static.pdb'; linking object as if no debug info
libhdf5.lib(H5AC.obj) : warning LNK4099: PDB 'hdf5-static.pdb' was not found with 'libhdf5.lib(H5AC.obj)' or at 'C:\Users\IEUser\projects\hdf5Thumbnails\windows\cpp\Release\hdf5-static.pdb'; linking object as if no debug info
libhdf5.lib(H5B.obj) : warning LNK4099: PDB 'hdf5-static.pdb' was not found with 'libhdf5.lib(H5B.obj)' or at 'C:\Users\IEUser\projects\hdf5Thumbnails\windows\cpp\Release\hdf5-static.pdb'; linking object as if no debug info
libhdf5.lib(H5B2.obj) : warning LNK4099: PDB 'hdf5-static.pdb' was not found with 'libhdf5.lib(H5B2.obj)' or at 'C:\Users\IEUser\projects\hdf5Thumbnails\windows\cpp\Release\hdf5-static.pdb'; linking object as if no debug info
libhdf5.lib(H5B2cache.obj) : warning LNK4099: PDB 'hdf5-static.pdb' was not found with 'libhdf5.lib(H5B2cache.obj)' or at 'C:\Users\IEUser\projects\hdf5Thumbnails\windows\cpp\Release\hdf5-static.pdb'; linking object as if no debug info
libhdf5.lib(H5B2hdr.obj) : warning LNK4099: PDB 'hdf5-static.pdb' was not found with 'libhdf5.lib(H5B2hdr.obj)' or at 'C:\Users\IEUser\projects\hdf5Thumbnails\windows\cpp\Release\hdf5-static.pdb'; linking object as if no debug info
libhdf5.lib(H5B2int.obj) : warning LNK4099: PDB 'hdf5-static.pdb' was not found with 'libhdf5.lib(H5B2int.obj)' or at 'C:\Users\IEUser\projects\hdf5Thumbnails\windows\cpp\Release\hdf5-static.pdb'; linking object as if no debug info
libhdf5.lib(H5B2stat.obj) : warning LNK4099: PDB 'hdf5-static.pdb' was not found with 'libhdf5.lib(H5B2stat.obj)' or at 'C:\Users\IEUser\projects\hdf5Thumbnails\windows\cpp\Release\hdf5-static.pdb'; linking object as if no debug info
libhdf5.lib(H5B2test.obj) : warning LNK4099: PDB 'hdf5-static.pdb' was not found with 'libhdf5.lib(H5B2test.obj)' or at 'C:\Users\IEUser\projects\hdf5Thumbnails\windows\cpp\Release\hdf5-static.pdb'; linking object as if no debug info
libhdf5.lib(H5Bcache.obj) : warning LNK4099: PDB 'hdf5-static.pdb' was not found with 'libhdf5.lib(H5Bcache.obj)' or at 'C:\Users\IEUser\projects\hdf5Thumbnails\windows\cpp\Release\hdf5-static.pdb'; linking object as if no debug info
libhdf5.lib(H5Bdbg.obj) : warning LNK4099: PDB 'hdf5-static.pdb' was not found with 'libhdf5.lib(H5Bdbg.obj)' or at 'C:\Users\IEUser\projects\hdf5Thumbnails\windows\cpp\Release\hdf5-static.pdb'; linking object as if no debug info
libhdf5.lib(H5D.obj) : warning LNK4099: PDB 'hdf5-static.pdb' was not found with 'libhdf5.lib(H5D.obj)' or at 'C:\Users\IEUser\projects\hdf5Thumbnails\windows\cpp\Release\hdf5-static.pdb'; linking object as if no debug info
libhdf5.lib(H5Dcompact.obj) : warning LNK4099: PDB 'hdf5-static.pdb' was not found with 'libhdf5.lib(H5Dcompact.obj)' or at 'C:\Users\IEUser\projects\hdf5Thumbnails\windows\cpp\Release\hdf5-static.pdb'; linking object as if no debug info
libhdf5.lib(H5Dbtree.obj) : warning LNK4099: PDB 'hdf5-static.pdb' was not found with 'libhdf5.lib(H5Dbtree.obj)' or at 'C:\Users\IEUser\projects\hdf5Thumbnails\windows\cpp\Release\hdf5-static.pdb'; linking object as if no debug info
libhdf5.lib(H5Dchunk.obj) : warning LNK4099: PDB 'hdf5-static.pdb' was not found with 'libhdf5.lib(H5Dchunk.obj)' or at 'C:\Users\IEUser\projects\hdf5Thumbnails\windows\cpp\Release\hdf5-static.pdb'; linking object as if no debug info
libhdf5.lib(H5Dcontig.obj) : warning LNK4099: PDB 'hdf5-static.pdb' was not found with 'libhdf5.lib(H5Dcontig.obj)' or at 'C:\Users\IEUser\projects\hdf5Thumbnails\windows\cpp\Release\hdf5-static.pdb'; linking object as if no debug info
libhdf5.lib(H5Ddeprec.obj) : warning LNK4099: PDB 'hdf5-static.pdb' was not found with 'libhdf5.lib(H5Ddeprec.obj)' or at 'C:\Users\IEUser\projects\hdf5Thumbnails\windows\cpp\Release\hdf5-static.pdb'; linking object as if no debug info
libhdf5.lib(H5Defl.obj) : warning LNK4099: PDB 'hdf5-static.pdb' was not found with 'libhdf5.lib(H5Defl.obj)' or at 'C:\Users\IEUser\projects\hdf5Thumbnails\windows\cpp\Release\hdf5-static.pdb'; linking object as if no debug info
libhdf5.lib(H5Dfill.obj) : warning LNK4099: PDB 'hdf5-static.pdb' was not found with 'libhdf5.lib(H5Dfill.obj)' or at 'C:\Users\IEUser\projects\hdf5Thumbnails\windows\cpp\Release\hdf5-static.pdb'; linking object as if no debug info
libhdf5.lib(H5Dint.obj) : warning LNK4099: PDB 'hdf5-static.pdb' was not found with 'libhdf5.lib(H5Dint.obj)' or at 'C:\Users\IEUser\projects\hdf5Thumbnails\windows\cpp\Release\hdf5-static.pdb'; linking object as if no debug info
libhdf5.lib(H5Dio.obj) : warning LNK4099: PDB 'hdf5-static.pdb' was not found with 'libhdf5.lib(H5Dio.obj)' or at 'C:\Users\IEUser\projects\hdf5Thumbnails\windows\cpp\Release\hdf5-static.pdb'; linking object as if no debug info
libhdf5.lib(H5Dlayout.obj) : warning LNK4099: PDB 'hdf5-static.pdb' was not found with 'libhdf5.lib(H5Dlayout.obj)' or at 'C:\Users\IEUser\projects\hdf5Thumbnails\windows\cpp\Release\hdf5-static.pdb'; linking object as if no debug info
libhdf5.lib(H5Doh.obj) : warning LNK4099: PDB 'hdf5-static.pdb' was not found with 'libhdf5.lib(H5Doh.obj)' or at 'C:\Users\IEUser\projects\hdf5Thumbnails\windows\cpp\Release\hdf5-static.pdb'; linking object as if no debug info
libhdf5.lib(H5Dscatgath.obj) : warning LNK4099: PDB 'hdf5-static.pdb' was not found with 'libhdf5.lib(H5Dscatgath.obj)' or at 'C:\Users\IEUser\projects\hdf5Thumbnails\windows\cpp\Release\hdf5-static.pdb'; linking object as if no debug info
libhdf5.lib(H5Dselect.obj) : warning LNK4099: PDB 'hdf5-static.pdb' was not found with 'libhdf5.lib(H5Dselect.obj)' or at 'C:\Users\IEUser\projects\hdf5Thumbnails\windows\cpp\Release\hdf5-static.pdb'; linking object as if no debug info
libhdf5.lib(H5E.obj) : warning LNK4099: PDB 'hdf5-static.pdb' was not found with 'libhdf5.lib(H5E.obj)' or at 'C:\Users\IEUser\projects\hdf5Thumbnails\windows\cpp\Release\hdf5-static.pdb'; linking object as if no debug info
libhdf5.lib(H5Edeprec.obj) : warning LNK4099: PDB 'hdf5-static.pdb' was not found with 'libhdf5.lib(H5Edeprec.obj)' or at 'C:\Users\IEUser\projects\hdf5Thumbnails\windows\cpp\Release\hdf5-static.pdb'; linking object as if no debug info
libhdf5.lib(H5Eint.obj) : warning LNK4099: PDB 'hdf5-static.pdb' was not found with 'libhdf5.lib(H5Eint.obj)' or at 'C:\Users\IEUser\projects\hdf5Thumbnails\windows\cpp\Release\hdf5-static.pdb'; linking object as if no debug info
libhdf5.lib(H5F.obj) : warning LNK4099: PDB 'hdf5-static.pdb' was not found with 'libhdf5.lib(H5F.obj)' or at 'C:\Users\IEUser\projects\hdf5Thumbnails\windows\cpp\Release\hdf5-static.pdb'; linking object as if no debug info
libhdf5.lib(H5Fint.obj) : warning LNK4099: PDB 'hdf5-static.pdb' was not found with 'libhdf5.lib(H5Fint.obj)' or at 'C:\Users\IEUser\projects\hdf5Thumbnails\windows\cpp\Release\hdf5-static.pdb'; linking object as if no debug info
libhdf5.lib(H5Faccum.obj) : warning LNK4099: PDB 'hdf5-static.pdb' was not found with 'libhdf5.lib(H5Faccum.obj)' or at 'C:\Users\IEUser\projects\hdf5Thumbnails\windows\cpp\Release\hdf5-static.pdb'; linking object as if no debug info
libhdf5.lib(H5Fcwfs.obj) : warning LNK4099: PDB 'hdf5-static.pdb' was not found with 'libhdf5.lib(H5Fcwfs.obj)' or at 'C:\Users\IEUser\projects\hdf5Thumbnails\windows\cpp\Release\hdf5-static.pdb'; linking object as if no debug info
libhdf5.lib(H5Fefc.obj) : warning LNK4099: PDB 'hdf5-static.pdb' was not found with 'libhdf5.lib(H5Fefc.obj)' or at 'C:\Users\IEUser\projects\hdf5Thumbnails\windows\cpp\Release\hdf5-static.pdb'; linking object as if no debug info
libhdf5.lib(H5Ffake.obj) : warning LNK4099: PDB 'hdf5-static.pdb' was not found with 'libhdf5.lib(H5Ffake.obj)' or at 'C:\Users\IEUser\projects\hdf5Thumbnails\windows\cpp\Release\hdf5-static.pdb'; linking object as if no debug info
libhdf5.lib(H5Fio.obj) : warning LNK4099: PDB 'hdf5-static.pdb' was not found with 'libhdf5.lib(H5Fio.obj)' or at 'C:\Users\IEUser\projects\hdf5Thumbnails\windows\cpp\Release\hdf5-static.pdb'; linking object as if no debug info
libhdf5.lib(H5Fmount.obj) : warning LNK4099: PDB 'hdf5-static.pdb' was not found with 'libhdf5.lib(H5Fmount.obj)' or at 'C:\Users\IEUser\projects\hdf5Thumbnails\windows\cpp\Release\hdf5-static.pdb'; linking object as if no debug info
libhdf5.lib(H5Fquery.obj) : warning LNK4099: PDB 'hdf5-static.pdb' was not found with 'libhdf5.lib(H5Fquery.obj)' or at 'C:\Users\IEUser\projects\hdf5Thumbnails\windows\cpp\Release\hdf5-static.pdb'; linking object as if no debug info
libhdf5.lib(H5Fsfile.obj) : warning LNK4099: PDB 'hdf5-static.pdb' was not found with 'libhdf5.lib(H5Fsfile.obj)' or at 'C:\Users\IEUser\projects\hdf5Thumbnails\windows\cpp\Release\hdf5-static.pdb'; linking object as if no debug info
libhdf5.lib(H5Fsuper.obj) : warning LNK4099: PDB 'hdf5-static.pdb' was not found with 'libhdf5.lib(H5Fsuper.obj)' or at 'C:\Users\IEUser\projects\hdf5Thumbnails\windows\cpp\Release\hdf5-static.pdb'; linking object as if no debug info
libhdf5.lib(H5Fsuper_cache.obj) : warning LNK4099: PDB 'hdf5-static.pdb' was not found with 'libhdf5.lib(H5Fsuper_cache.obj)' or at 'C:\Users\IEUser\projects\hdf5Thumbnails\windows\cpp\Release\hdf5-static.pdb'; linking object as if no debug info
libhdf5.lib(H5FD.obj) : warning LNK4099: PDB 'hdf5-static.pdb' was not found with 'libhdf5.lib(H5FD.obj)' or at 'C:\Users\IEUser\projects\hdf5Thumbnails\windows\cpp\Release\hdf5-static.pdb'; linking object as if no debug info
libhdf5.lib(H5FDcore.obj) : warning LNK4099: PDB 'hdf5-static.pdb' was not found with 'libhdf5.lib(H5FDcore.obj)' or at 'C:\Users\IEUser\projects\hdf5Thumbnails\windows\cpp\Release\hdf5-static.pdb'; linking object as if no debug info
libhdf5.lib(H5FDfamily.obj) : warning LNK4099: PDB 'hdf5-static.pdb' was not found with 'libhdf5.lib(H5FDfamily.obj)' or at 'C:\Users\IEUser\projects\hdf5Thumbnails\windows\cpp\Release\hdf5-static.pdb'; linking object as if no debug info
libhdf5.lib(H5FDint.obj) : warning LNK4099: PDB 'hdf5-static.pdb' was not found with 'libhdf5.lib(H5FDint.obj)' or at 'C:\Users\IEUser\projects\hdf5Thumbnails\windows\cpp\Release\hdf5-static.pdb'; linking object as if no debug info
libhdf5.lib(H5FDlog.obj) : warning LNK4099: PDB 'hdf5-static.pdb' was not found with 'libhdf5.lib(H5FDlog.obj)' or at 'C:\Users\IEUser\projects\hdf5Thumbnails\windows\cpp\Release\hdf5-static.pdb'; linking object as if no debug info
libhdf5.lib(H5FDmulti.obj) : warning LNK4099: PDB 'hdf5-static.pdb' was not found with 'libhdf5.lib(H5FDmulti.obj)' or at 'C:\Users\IEUser\projects\hdf5Thumbnails\windows\cpp\Release\hdf5-static.pdb'; linking object as if no debug info
libhdf5.lib(H5FDsec2.obj) : warning LNK4099: PDB 'hdf5-static.pdb' was not found with 'libhdf5.lib(H5FDsec2.obj)' or at 'C:\Users\IEUser\projects\hdf5Thumbnails\windows\cpp\Release\hdf5-static.pdb'; linking object as if no debug info
libhdf5.lib(H5FDspace.obj) : warning LNK4099: PDB 'hdf5-static.pdb' was not found with 'libhdf5.lib(H5FDspace.obj)' or at 'C:\Users\IEUser\projects\hdf5Thumbnails\windows\cpp\Release\hdf5-static.pdb'; linking object as if no debug info
libhdf5.lib(H5FDstdio.obj) : warning LNK4099: PDB 'hdf5-static.pdb' was not found with 'libhdf5.lib(H5FDstdio.obj)' or at 'C:\Users\IEUser\projects\hdf5Thumbnails\windows\cpp\Release\hdf5-static.pdb'; linking object as if no debug info
libhdf5.lib(H5FS.obj) : warning LNK4099: PDB 'hdf5-static.pdb' was not found with 'libhdf5.lib(H5FS.obj)' or at 'C:\Users\IEUser\projects\hdf5Thumbnails\windows\cpp\Release\hdf5-static.pdb'; linking object as if no debug info
libhdf5.lib(H5FScache.obj) : warning LNK4099: PDB 'hdf5-static.pdb' was not found with 'libhdf5.lib(H5FScache.obj)' or at 'C:\Users\IEUser\projects\hdf5Thumbnails\windows\cpp\Release\hdf5-static.pdb'; linking object as if no debug info
libhdf5.lib(H5FSsection.obj) : warning LNK4099: PDB 'hdf5-static.pdb' was not found with 'libhdf5.lib(H5FSsection.obj)' or at 'C:\Users\IEUser\projects\hdf5Thumbnails\windows\cpp\Release\hdf5-static.pdb'; linking object as if no debug info
libhdf5.lib(H5G.obj) : warning LNK4099: PDB 'hdf5-static.pdb' was not found with 'libhdf5.lib(H5G.obj)' or at 'C:\Users\IEUser\projects\hdf5Thumbnails\windows\cpp\Release\hdf5-static.pdb'; linking object as if no debug info
libhdf5.lib(H5Gbtree2.obj) : warning LNK4099: PDB 'hdf5-static.pdb' was not found with 'libhdf5.lib(H5Gbtree2.obj)' or at 'C:\Users\IEUser\projects\hdf5Thumbnails\windows\cpp\Release\hdf5-static.pdb'; linking object as if no debug info
libhdf5.lib(H5Gcache.obj) : warning LNK4099: PDB 'hdf5-static.pdb' was not found with 'libhdf5.lib(H5Gcache.obj)' or at 'C:\Users\IEUser\projects\hdf5Thumbnails\windows\cpp\Release\hdf5-static.pdb'; linking object as if no debug info
libhdf5.lib(H5Gcompact.obj) : warning LNK4099: PDB 'hdf5-static.pdb' was not found with 'libhdf5.lib(H5Gcompact.obj)' or at 'C:\Users\IEUser\projects\hdf5Thumbnails\windows\cpp\Release\hdf5-static.pdb'; linking object as if no debug info
libhdf5.lib(H5Gdense.obj) : warning LNK4099: PDB 'hdf5-static.pdb' was not found with 'libhdf5.lib(H5Gdense.obj)' or at 'C:\Users\IEUser\projects\hdf5Thumbnails\windows\cpp\Release\hdf5-static.pdb'; linking object as if no debug info
libhdf5.lib(H5Gdeprec.obj) : warning LNK4099: PDB 'hdf5-static.pdb' was not found with 'libhdf5.lib(H5Gdeprec.obj)' or at 'C:\Users\IEUser\projects\hdf5Thumbnails\windows\cpp\Release\hdf5-static.pdb'; linking object as if no debug info
libhdf5.lib(H5Gent.obj) : warning LNK4099: PDB 'hdf5-static.pdb' was not found with 'libhdf5.lib(H5Gent.obj)' or at 'C:\Users\IEUser\projects\hdf5Thumbnails\windows\cpp\Release\hdf5-static.pdb'; linking object as if no debug info
libhdf5.lib(H5Gint.obj) : warning LNK4099: PDB 'hdf5-static.pdb' was not found with 'libhdf5.lib(H5Gint.obj)' or at 'C:\Users\IEUser\projects\hdf5Thumbnails\windows\cpp\Release\hdf5-static.pdb'; linking object as if no debug info
libhdf5.lib(H5Glink.obj) : warning LNK4099: PDB 'hdf5-static.pdb' was not found with 'libhdf5.lib(H5Glink.obj)' or at 'C:\Users\IEUser\projects\hdf5Thumbnails\windows\cpp\Release\hdf5-static.pdb'; linking object as if no debug info
libhdf5.lib(H5Gloc.obj) : warning LNK4099: PDB 'hdf5-static.pdb' was not found with 'libhdf5.lib(H5Gloc.obj)' or at 'C:\Users\IEUser\projects\hdf5Thumbnails\windows\cpp\Release\hdf5-static.pdb'; linking object as if no debug info
libhdf5.lib(H5Gname.obj) : warning LNK4099: PDB 'hdf5-static.pdb' was not found with 'libhdf5.lib(H5Gname.obj)' or at 'C:\Users\IEUser\projects\hdf5Thumbnails\windows\cpp\Release\hdf5-static.pdb'; linking object as if no debug info
libhdf5.lib(H5Gnode.obj) : warning LNK4099: PDB 'hdf5-static.pdb' was not found with 'libhdf5.lib(H5Gnode.obj)' or at 'C:\Users\IEUser\projects\hdf5Thumbnails\windows\cpp\Release\hdf5-static.pdb'; linking object as if no debug info
libhdf5.lib(H5Gobj.obj) : warning LNK4099: PDB 'hdf5-static.pdb' was not found with 'libhdf5.lib(H5Gobj.obj)' or at 'C:\Users\IEUser\projects\hdf5Thumbnails\windows\cpp\Release\hdf5-static.pdb'; linking object as if no debug info
libhdf5.lib(H5Goh.obj) : warning LNK4099: PDB 'hdf5-static.pdb' was not found with 'libhdf5.lib(H5Goh.obj)' or at 'C:\Users\IEUser\projects\hdf5Thumbnails\windows\cpp\Release\hdf5-static.pdb'; linking object as if no debug info
libhdf5.lib(H5Groot.obj) : warning LNK4099: PDB 'hdf5-static.pdb' was not found with 'libhdf5.lib(H5Groot.obj)' or at 'C:\Users\IEUser\projects\hdf5Thumbnails\windows\cpp\Release\hdf5-static.pdb'; linking object as if no debug info
libhdf5.lib(H5Gstab.obj) : warning LNK4099: PDB 'hdf5-static.pdb' was not found with 'libhdf5.lib(H5Gstab.obj)' or at 'C:\Users\IEUser\projects\hdf5Thumbnails\windows\cpp\Release\hdf5-static.pdb'; linking object as if no debug info
libhdf5.lib(H5Gtraverse.obj) : warning LNK4099: PDB 'hdf5-static.pdb' was not found with 'libhdf5.lib(H5Gtraverse.obj)' or at 'C:\Users\IEUser\projects\hdf5Thumbnails\windows\cpp\Release\hdf5-static.pdb'; linking object as if no debug info
libhdf5.lib(H5HF.obj) : warning LNK4099: PDB 'hdf5-static.pdb' was not found with 'libhdf5.lib(H5HF.obj)' or at 'C:\Users\IEUser\projects\hdf5Thumbnails\windows\cpp\Release\hdf5-static.pdb'; linking object as if no debug info
libhdf5.lib(H5HFbtree2.obj) : warning LNK4099: PDB 'hdf5-static.pdb' was not found with 'libhdf5.lib(H5HFbtree2.obj)' or at 'C:\Users\IEUser\projects\hdf5Thumbnails\windows\cpp\Release\hdf5-static.pdb'; linking object as if no debug info
libhdf5.lib(H5HFcache.obj) : warning LNK4099: PDB 'hdf5-static.pdb' was not found with 'libhdf5.lib(H5HFcache.obj)' or at 'C:\Users\IEUser\projects\hdf5Thumbnails\windows\cpp\Release\hdf5-static.pdb'; linking object as if no debug info
libhdf5.lib(H5HFdblock.obj) : warning LNK4099: PDB 'hdf5-static.pdb' was not found with 'libhdf5.lib(H5HFdblock.obj)' or at 'C:\Users\IEUser\projects\hdf5Thumbnails\windows\cpp\Release\hdf5-static.pdb'; linking object as if no debug info
libhdf5.lib(H5HFdtable.obj) : warning LNK4099: PDB 'hdf5-static.pdb' was not found with 'libhdf5.lib(H5HFdtable.obj)' or at 'C:\Users\IEUser\projects\hdf5Thumbnails\windows\cpp\Release\hdf5-static.pdb'; linking object as if no debug info
libhdf5.lib(H5HFhdr.obj) : warning LNK4099: PDB 'hdf5-static.pdb' was not found with 'libhdf5.lib(H5HFhdr.obj)' or at 'C:\Users\IEUser\projects\hdf5Thumbnails\windows\cpp\Release\hdf5-static.pdb'; linking object as if no debug info
libhdf5.lib(H5HFhuge.obj) : warning LNK4099: PDB 'hdf5-static.pdb' was not found with 'libhdf5.lib(H5HFhuge.obj)' or at 'C:\Users\IEUser\projects\hdf5Thumbnails\windows\cpp\Release\hdf5-static.pdb'; linking object as if no debug info
libhdf5.lib(H5HFiblock.obj) : warning LNK4099: PDB 'hdf5-static.pdb' was not found with 'libhdf5.lib(H5HFiblock.obj)' or at 'C:\Users\IEUser\projects\hdf5Thumbnails\windows\cpp\Release\hdf5-static.pdb'; linking object as if no debug info
libhdf5.lib(H5HFiter.obj) : warning LNK4099: PDB 'hdf5-static.pdb' was not found with 'libhdf5.lib(H5HFiter.obj)' or at 'C:\Users\IEUser\projects\hdf5Thumbnails\windows\cpp\Release\hdf5-static.pdb'; linking object as if no debug info
libhdf5.lib(H5HFman.obj) : warning LNK4099: PDB 'hdf5-static.pdb' was not found with 'libhdf5.lib(H5HFman.obj)' or at 'C:\Users\IEUser\projects\hdf5Thumbnails\windows\cpp\Release\hdf5-static.pdb'; linking object as if no debug info
libhdf5.lib(H5HFsection.obj) : warning LNK4099: PDB 'hdf5-static.pdb' was not found with 'libhdf5.lib(H5HFsection.obj)' or at 'C:\Users\IEUser\projects\hdf5Thumbnails\windows\cpp\Release\hdf5-static.pdb'; linking object as if no debug info
libhdf5.lib(H5HFspace.obj) : warning LNK4099: PDB 'hdf5-static.pdb' was not found with 'libhdf5.lib(H5HFspace.obj)' or at 'C:\Users\IEUser\projects\hdf5Thumbnails\windows\cpp\Release\hdf5-static.pdb'; linking object as if no debug info
libhdf5.lib(H5HFstat.obj) : warning LNK4099: PDB 'hdf5-static.pdb' was not found with 'libhdf5.lib(H5HFstat.obj)' or at 'C:\Users\IEUser\projects\hdf5Thumbnails\windows\cpp\Release\hdf5-static.pdb'; linking object as if no debug info
libhdf5.lib(H5HFtiny.obj) : warning LNK4099: PDB 'hdf5-static.pdb' was not found with 'libhdf5.lib(H5HFtiny.obj)' or at 'C:\Users\IEUser\projects\hdf5Thumbnails\windows\cpp\Release\hdf5-static.pdb'; linking object as if no debug info
libhdf5.lib(H5HG.obj) : warning LNK4099: PDB 'hdf5-static.pdb' was not found with 'libhdf5.lib(H5HG.obj)' or at 'C:\Users\IEUser\projects\hdf5Thumbnails\windows\cpp\Release\hdf5-static.pdb'; linking object as if no debug info
libhdf5.lib(H5HGcache.obj) : warning LNK4099: PDB 'hdf5-static.pdb' was not found with 'libhdf5.lib(H5HGcache.obj)' or at 'C:\Users\IEUser\projects\hdf5Thumbnails\windows\cpp\Release\hdf5-static.pdb'; linking object as if no debug info
libhdf5.lib(H5HGquery.obj) : warning LNK4099: PDB 'hdf5-static.pdb' was not found with 'libhdf5.lib(H5HGquery.obj)' or at 'C:\Users\IEUser\projects\hdf5Thumbnails\windows\cpp\Release\hdf5-static.pdb'; linking object as if no debug info
libhdf5.lib(H5HL.obj) : warning LNK4099: PDB 'hdf5-static.pdb' was not found with 'libhdf5.lib(H5HL.obj)' or at 'C:\Users\IEUser\projects\hdf5Thumbnails\windows\cpp\Release\hdf5-static.pdb'; linking object as if no debug info
libhdf5.lib(H5HLcache.obj) : warning LNK4099: PDB 'hdf5-static.pdb' was not found with 'libhdf5.lib(H5HLcache.obj)' or at 'C:\Users\IEUser\projects\hdf5Thumbnails\windows\cpp\Release\hdf5-static.pdb'; linking object as if no debug info
libhdf5.lib(H5HLint.obj) : warning LNK4099: PDB 'hdf5-static.pdb' was not found with 'libhdf5.lib(H5HLint.obj)' or at 'C:\Users\IEUser\projects\hdf5Thumbnails\windows\cpp\Release\hdf5-static.pdb'; linking object as if no debug info
libhdf5.lib(H5MF.obj) : warning LNK4099: PDB 'hdf5-static.pdb' was not found with 'libhdf5.lib(H5MF.obj)' or at 'C:\Users\IEUser\projects\hdf5Thumbnails\windows\cpp\Release\hdf5-static.pdb'; linking object as if no debug info
libhdf5.lib(H5MFaggr.obj) : warning LNK4099: PDB 'hdf5-static.pdb' was not found with 'libhdf5.lib(H5MFaggr.obj)' or at 'C:\Users\IEUser\projects\hdf5Thumbnails\windows\cpp\Release\hdf5-static.pdb'; linking object as if no debug info
libhdf5.lib(H5MFsection.obj) : warning LNK4099: PDB 'hdf5-static.pdb' was not found with 'libhdf5.lib(H5MFsection.obj)' or at 'C:\Users\IEUser\projects\hdf5Thumbnails\windows\cpp\Release\hdf5-static.pdb'; linking object as if no debug info
libhdf5.lib(H5O.obj) : warning LNK4099: PDB 'hdf5-static.pdb' was not found with 'libhdf5.lib(H5O.obj)' or at 'C:\Users\IEUser\projects\hdf5Thumbnails\windows\cpp\Release\hdf5-static.pdb'; linking object as if no debug info
libhdf5.lib(H5Oainfo.obj) : warning LNK4099: PDB 'hdf5-static.pdb' was not found with 'libhdf5.lib(H5Oainfo.obj)' or at 'C:\Users\IEUser\projects\hdf5Thumbnails\windows\cpp\Release\hdf5-static.pdb'; linking object as if no debug info
libhdf5.lib(H5Oalloc.obj) : warning LNK4099: PDB 'hdf5-static.pdb' was not found with 'libhdf5.lib(H5Oalloc.obj)' or at 'C:\Users\IEUser\projects\hdf5Thumbnails\windows\cpp\Release\hdf5-static.pdb'; linking object as if no debug info
libhdf5.lib(H5Oattr.obj) : warning LNK4099: PDB 'hdf5-static.pdb' was not found with 'libhdf5.lib(H5Oattr.obj)' or at 'C:\Users\IEUser\projects\hdf5Thumbnails\windows\cpp\Release\hdf5-static.pdb'; linking object as if no debug info
libhdf5.lib(H5Oattribute.obj) : warning LNK4099: PDB 'hdf5-static.pdb' was not found with 'libhdf5.lib(H5Oattribute.obj)' or at 'C:\Users\IEUser\projects\hdf5Thumbnails\windows\cpp\Release\hdf5-static.pdb'; linking object as if no debug info
libhdf5.lib(H5Obtreek.obj) : warning LNK4099: PDB 'hdf5-static.pdb' was not found with 'libhdf5.lib(H5Obtreek.obj)' or at 'C:\Users\IEUser\projects\hdf5Thumbnails\windows\cpp\Release\hdf5-static.pdb'; linking object as if no debug info
libhdf5.lib(H5Ocache.obj) : warning LNK4099: PDB 'hdf5-static.pdb' was not found with 'libhdf5.lib(H5Ocache.obj)' or at 'C:\Users\IEUser\projects\hdf5Thumbnails\windows\cpp\Release\hdf5-static.pdb'; linking object as if no debug info
libhdf5.lib(H5Ochunk.obj) : warning LNK4099: PDB 'hdf5-static.pdb' was not found with 'libhdf5.lib(H5Ochunk.obj)' or at 'C:\Users\IEUser\projects\hdf5Thumbnails\windows\cpp\Release\hdf5-static.pdb'; linking object as if no debug info
libhdf5.lib(H5Ocont.obj) : warning LNK4099: PDB 'hdf5-static.pdb' was not found with 'libhdf5.lib(H5Ocont.obj)' or at 'C:\Users\IEUser\projects\hdf5Thumbnails\windows\cpp\Release\hdf5-static.pdb'; linking object as if no debug info
libhdf5.lib(H5Ocopy.obj) : warning LNK4099: PDB 'hdf5-static.pdb' was not found with 'libhdf5.lib(H5Ocopy.obj)' or at 'C:\Users\IEUser\projects\hdf5Thumbnails\windows\cpp\Release\hdf5-static.pdb'; linking object as if no debug info
libhdf5.lib(H5Odbg.obj) : warning LNK4099: PDB 'hdf5-static.pdb' was not found with 'libhdf5.lib(H5Odbg.obj)' or at 'C:\Users\IEUser\projects\hdf5Thumbnails\windows\cpp\Release\hdf5-static.pdb'; linking object as if no debug info
libhdf5.lib(H5Odrvinfo.obj) : warning LNK4099: PDB 'hdf5-static.pdb' was not found with 'libhdf5.lib(H5Odrvinfo.obj)' or at 'C:\Users\IEUser\projects\hdf5Thumbnails\windows\cpp\Release\hdf5-static.pdb'; linking object as if no debug info
libhdf5.lib(H5Odtype.obj) : warning LNK4099: PDB 'hdf5-static.pdb' was not found with 'libhdf5.lib(H5Odtype.obj)' or at 'C:\Users\IEUser\projects\hdf5Thumbnails\windows\cpp\Release\hdf5-static.pdb'; linking object as if no debug info
libhdf5.lib(H5Oefl.obj) : warning LNK4099: PDB 'hdf5-static.pdb' was not found with 'libhdf5.lib(H5Oefl.obj)' or at 'C:\Users\IEUser\projects\hdf5Thumbnails\windows\cpp\Release\hdf5-static.pdb'; linking object as if no debug info
libhdf5.lib(H5Ofill.obj) : warning LNK4099: PDB 'hdf5-static.pdb' was not found with 'libhdf5.lib(H5Ofill.obj)' or at 'C:\Users\IEUser\projects\hdf5Thumbnails\windows\cpp\Release\hdf5-static.pdb'; linking object as if no debug info
libhdf5.lib(H5Oginfo.obj) : warning LNK4099: PDB 'hdf5-static.pdb' was not found with 'libhdf5.lib(H5Oginfo.obj)' or at 'C:\Users\IEUser\projects\hdf5Thumbnails\windows\cpp\Release\hdf5-static.pdb'; linking object as if no debug info
libhdf5.lib(H5Olayout.obj) : warning LNK4099: PDB 'hdf5-static.pdb' was not found with 'libhdf5.lib(H5Olayout.obj)' or at 'C:\Users\IEUser\projects\hdf5Thumbnails\windows\cpp\Release\hdf5-static.pdb'; linking object as if no debug info
libhdf5.lib(H5Olinfo.obj) : warning LNK4099: PDB 'hdf5-static.pdb' was not found with 'libhdf5.lib(H5Olinfo.obj)' or at 'C:\Users\IEUser\projects\hdf5Thumbnails\windows\cpp\Release\hdf5-static.pdb'; linking object as if no debug info
libhdf5.lib(H5Olink.obj) : warning LNK4099: PDB 'hdf5-static.pdb' was not found with 'libhdf5.lib(H5Olink.obj)' or at 'C:\Users\IEUser\projects\hdf5Thumbnails\windows\cpp\Release\hdf5-static.pdb'; linking object as if no debug info
libhdf5.lib(H5Omessage.obj) : warning LNK4099: PDB 'hdf5-static.pdb' was not found with 'libhdf5.lib(H5Omessage.obj)' or at 'C:\Users\IEUser\projects\hdf5Thumbnails\windows\cpp\Release\hdf5-static.pdb'; linking object as if no debug info
libhdf5.lib(H5Omtime.obj) : warning LNK4099: PDB 'hdf5-static.pdb' was not found with 'libhdf5.lib(H5Omtime.obj)' or at 'C:\Users\IEUser\projects\hdf5Thumbnails\windows\cpp\Release\hdf5-static.pdb'; linking object as if no debug info
libhdf5.lib(H5Oname.obj) : warning LNK4099: PDB 'hdf5-static.pdb' was not found with 'libhdf5.lib(H5Oname.obj)' or at 'C:\Users\IEUser\projects\hdf5Thumbnails\windows\cpp\Release\hdf5-static.pdb'; linking object as if no debug info
libhdf5.lib(H5Onull.obj) : warning LNK4099: PDB 'hdf5-static.pdb' was not found with 'libhdf5.lib(H5Onull.obj)' or at 'C:\Users\IEUser\projects\hdf5Thumbnails\windows\cpp\Release\hdf5-static.pdb'; linking object as if no debug info
libhdf5.lib(H5Opline.obj) : warning LNK4099: PDB 'hdf5-static.pdb' was not found with 'libhdf5.lib(H5Opline.obj)' or at 'C:\Users\IEUser\projects\hdf5Thumbnails\windows\cpp\Release\hdf5-static.pdb'; linking object as if no debug info
libhdf5.lib(H5Orefcount.obj) : warning LNK4099: PDB 'hdf5-static.pdb' was not found with 'libhdf5.lib(H5Orefcount.obj)' or at 'C:\Users\IEUser\projects\hdf5Thumbnails\windows\cpp\Release\hdf5-static.pdb'; linking object as if no debug info
libhdf5.lib(H5Osdspace.obj) : warning LNK4099: PDB 'hdf5-static.pdb' was not found with 'libhdf5.lib(H5Osdspace.obj)' or at 'C:\Users\IEUser\projects\hdf5Thumbnails\windows\cpp\Release\hdf5-static.pdb'; linking object as if no debug info
libhdf5.lib(H5Oshared.obj) : warning LNK4099: PDB 'hdf5-static.pdb' was not found with 'libhdf5.lib(H5Oshared.obj)' or at 'C:\Users\IEUser\projects\hdf5Thumbnails\windows\cpp\Release\hdf5-static.pdb'; linking object as if no debug info
libhdf5.lib(H5Oshmesg.obj) : warning LNK4099: PDB 'hdf5-static.pdb' was not found with 'libhdf5.lib(H5Oshmesg.obj)' or at 'C:\Users\IEUser\projects\hdf5Thumbnails\windows\cpp\Release\hdf5-static.pdb'; linking object as if no debug info
libhdf5.lib(H5Ostab.obj) : warning LNK4099: PDB 'hdf5-static.pdb' was not found with 'libhdf5.lib(H5Ostab.obj)' or at 'C:\Users\IEUser\projects\hdf5Thumbnails\windows\cpp\Release\hdf5-static.pdb'; linking object as if no debug info
libhdf5.lib(H5Ounknown.obj) : warning LNK4099: PDB 'hdf5-static.pdb' was not found with 'libhdf5.lib(H5Ounknown.obj)' or at 'C:\Users\IEUser\projects\hdf5Thumbnails\windows\cpp\Release\hdf5-static.pdb'; linking object as if no debug info
libhdf5.lib(H5P.obj) : warning LNK4099: PDB 'hdf5-static.pdb' was not found with 'libhdf5.lib(H5P.obj)' or at 'C:\Users\IEUser\projects\hdf5Thumbnails\windows\cpp\Release\hdf5-static.pdb'; linking object as if no debug info
libhdf5.lib(H5Pacpl.obj) : warning LNK4099: PDB 'hdf5-static.pdb' was not found with 'libhdf5.lib(H5Pacpl.obj)' or at 'C:\Users\IEUser\projects\hdf5Thumbnails\windows\cpp\Release\hdf5-static.pdb'; linking object as if no debug info
libhdf5.lib(H5Pdapl.obj) : warning LNK4099: PDB 'hdf5-static.pdb' was not found with 'libhdf5.lib(H5Pdapl.obj)' or at 'C:\Users\IEUser\projects\hdf5Thumbnails\windows\cpp\Release\hdf5-static.pdb'; linking object as if no debug info
libhdf5.lib(H5Pdcpl.obj) : warning LNK4099: PDB 'hdf5-static.pdb' was not found with 'libhdf5.lib(H5Pdcpl.obj)' or at 'C:\Users\IEUser\projects\hdf5Thumbnails\windows\cpp\Release\hdf5-static.pdb'; linking object as if no debug info
libhdf5.lib(H5Pdeprec.obj) : warning LNK4099: PDB 'hdf5-static.pdb' was not found with 'libhdf5.lib(H5Pdeprec.obj)' or at 'C:\Users\IEUser\projects\hdf5Thumbnails\windows\cpp\Release\hdf5-static.pdb'; linking object as if no debug info
libhdf5.lib(H5Pdxpl.obj) : warning LNK4099: PDB 'hdf5-static.pdb' was not found with 'libhdf5.lib(H5Pdxpl.obj)' or at 'C:\Users\IEUser\projects\hdf5Thumbnails\windows\cpp\Release\hdf5-static.pdb'; linking object as if no debug info
libhdf5.lib(H5Pfapl.obj) : warning LNK4099: PDB 'hdf5-static.pdb' was not found with 'libhdf5.lib(H5Pfapl.obj)' or at 'C:\Users\IEUser\projects\hdf5Thumbnails\windows\cpp\Release\hdf5-static.pdb'; linking object as if no debug info
libhdf5.lib(H5Pfcpl.obj) : warning LNK4099: PDB 'hdf5-static.pdb' was not found with 'libhdf5.lib(H5Pfcpl.obj)' or at 'C:\Users\IEUser\projects\hdf5Thumbnails\windows\cpp\Release\hdf5-static.pdb'; linking object as if no debug info
libhdf5.lib(H5Pfmpl.obj) : warning LNK4099: PDB 'hdf5-static.pdb' was not found with 'libhdf5.lib(H5Pfmpl.obj)' or at 'C:\Users\IEUser\projects\hdf5Thumbnails\windows\cpp\Release\hdf5-static.pdb'; linking object as if no debug info
libhdf5.lib(H5Pgcpl.obj) : warning LNK4099: PDB 'hdf5-static.pdb' was not found with 'libhdf5.lib(H5Pgcpl.obj)' or at 'C:\Users\IEUser\projects\hdf5Thumbnails\windows\cpp\Release\hdf5-static.pdb'; linking object as if no debug info
libhdf5.lib(H5Pint.obj) : warning LNK4099: PDB 'hdf5-static.pdb' was not found with 'libhdf5.lib(H5Pint.obj)' or at 'C:\Users\IEUser\projects\hdf5Thumbnails\windows\cpp\Release\hdf5-static.pdb'; linking object as if no debug info
libhdf5.lib(H5Plapl.obj) : warning LNK4099: PDB 'hdf5-static.pdb' was not found with 'libhdf5.lib(H5Plapl.obj)' or at 'C:\Users\IEUser\projects\hdf5Thumbnails\windows\cpp\Release\hdf5-static.pdb'; linking object as if no debug info
libhdf5.lib(H5Plcpl.obj) : warning LNK4099: PDB 'hdf5-static.pdb' was not found with 'libhdf5.lib(H5Plcpl.obj)' or at 'C:\Users\IEUser\projects\hdf5Thumbnails\windows\cpp\Release\hdf5-static.pdb'; linking object as if no debug info
libhdf5.lib(H5Pocpl.obj) : warning LNK4099: PDB 'hdf5-static.pdb' was not found with 'libhdf5.lib(H5Pocpl.obj)' or at 'C:\Users\IEUser\projects\hdf5Thumbnails\windows\cpp\Release\hdf5-static.pdb'; linking object as if no debug info
libhdf5.lib(H5Pocpypl.obj) : warning LNK4099: PDB 'hdf5-static.pdb' was not found with 'libhdf5.lib(H5Pocpypl.obj)' or at 'C:\Users\IEUser\projects\hdf5Thumbnails\windows\cpp\Release\hdf5-static.pdb'; linking object as if no debug info
libhdf5.lib(H5Pstrcpl.obj) : warning LNK4099: PDB 'hdf5-static.pdb' was not found with 'libhdf5.lib(H5Pstrcpl.obj)' or at 'C:\Users\IEUser\projects\hdf5Thumbnails\windows\cpp\Release\hdf5-static.pdb'; linking object as if no debug info
libhdf5.lib(H5PL.obj) : warning LNK4099: PDB 'hdf5-static.pdb' was not found with 'libhdf5.lib(H5PL.obj)' or at 'C:\Users\IEUser\projects\hdf5Thumbnails\windows\cpp\Release\hdf5-static.pdb'; linking object as if no debug info
libhdf5.lib(H5R.obj) : warning LNK4099: PDB 'hdf5-static.pdb' was not found with 'libhdf5.lib(H5R.obj)' or at 'C:\Users\IEUser\projects\hdf5Thumbnails\windows\cpp\Release\hdf5-static.pdb'; linking object as if no debug info
libhdf5.lib(H5Rdeprec.obj) : warning LNK4099: PDB 'hdf5-static.pdb' was not found with 'libhdf5.lib(H5Rdeprec.obj)' or at 'C:\Users\IEUser\projects\hdf5Thumbnails\windows\cpp\Release\hdf5-static.pdb'; linking object as if no debug info
libhdf5.lib(H5RC.obj) : warning LNK4099: PDB 'hdf5-static.pdb' was not found with 'libhdf5.lib(H5RC.obj)' or at 'C:\Users\IEUser\projects\hdf5Thumbnails\windows\cpp\Release\hdf5-static.pdb'; linking object as if no debug info
libhdf5.lib(H5RS.obj) : warning LNK4099: PDB 'hdf5-static.pdb' was not found with 'libhdf5.lib(H5RS.obj)' or at 'C:\Users\IEUser\projects\hdf5Thumbnails\windows\cpp\Release\hdf5-static.pdb'; linking object as if no debug info
libhdf5.lib(H5S.obj) : warning LNK4099: PDB 'hdf5-static.pdb' was not found with 'libhdf5.lib(H5S.obj)' or at 'C:\Users\IEUser\projects\hdf5Thumbnails\windows\cpp\Release\hdf5-static.pdb'; linking object as if no debug info
libhdf5.lib(H5Sall.obj) : warning LNK4099: PDB 'hdf5-static.pdb' was not found with 'libhdf5.lib(H5Sall.obj)' or at 'C:\Users\IEUser\projects\hdf5Thumbnails\windows\cpp\Release\hdf5-static.pdb'; linking object as if no debug info
libhdf5.lib(H5Sdbg.obj) : warning LNK4099: PDB 'hdf5-static.pdb' was not found with 'libhdf5.lib(H5Sdbg.obj)' or at 'C:\Users\IEUser\projects\hdf5Thumbnails\windows\cpp\Release\hdf5-static.pdb'; linking object as if no debug info
libhdf5.lib(H5Shyper.obj) : warning LNK4099: PDB 'hdf5-static.pdb' was not found with 'libhdf5.lib(H5Shyper.obj)' or at 'C:\Users\IEUser\projects\hdf5Thumbnails\windows\cpp\Release\hdf5-static.pdb'; linking object as if no debug info
libhdf5.lib(H5Snone.obj) : warning LNK4099: PDB 'hdf5-static.pdb' was not found with 'libhdf5.lib(H5Snone.obj)' or at 'C:\Users\IEUser\projects\hdf5Thumbnails\windows\cpp\Release\hdf5-static.pdb'; linking object as if no debug info
libhdf5.lib(H5Spoint.obj) : warning LNK4099: PDB 'hdf5-static.pdb' was not found with 'libhdf5.lib(H5Spoint.obj)' or at 'C:\Users\IEUser\projects\hdf5Thumbnails\windows\cpp\Release\hdf5-static.pdb'; linking object as if no debug info
libhdf5.lib(H5Sselect.obj) : warning LNK4099: PDB 'hdf5-static.pdb' was not found with 'libhdf5.lib(H5Sselect.obj)' or at 'C:\Users\IEUser\projects\hdf5Thumbnails\windows\cpp\Release\hdf5-static.pdb'; linking object as if no debug info
libhdf5.lib(H5SM.obj) : warning LNK4099: PDB 'hdf5-static.pdb' was not found with 'libhdf5.lib(H5SM.obj)' or at 'C:\Users\IEUser\projects\hdf5Thumbnails\windows\cpp\Release\hdf5-static.pdb'; linking object as if no debug info
libhdf5.lib(H5SMbtree2.obj) : warning LNK4099: PDB 'hdf5-static.pdb' was not found with 'libhdf5.lib(H5SMbtree2.obj)' or at 'C:\Users\IEUser\projects\hdf5Thumbnails\windows\cpp\Release\hdf5-static.pdb'; linking object as if no debug info
libhdf5.lib(H5SMcache.obj) : warning LNK4099: PDB 'hdf5-static.pdb' was not found with 'libhdf5.lib(H5SMcache.obj)' or at 'C:\Users\IEUser\projects\hdf5Thumbnails\windows\cpp\Release\hdf5-static.pdb'; linking object as if no debug info
libhdf5.lib(H5SMmessage.obj) : warning LNK4099: PDB 'hdf5-static.pdb' was not found with 'libhdf5.lib(H5SMmessage.obj)' or at 'C:\Users\IEUser\projects\hdf5Thumbnails\windows\cpp\Release\hdf5-static.pdb'; linking object as if no debug info
libhdf5.lib(H5T.obj) : warning LNK4099: PDB 'hdf5-static.pdb' was not found with 'libhdf5.lib(H5T.obj)' or at 'C:\Users\IEUser\projects\hdf5Thumbnails\windows\cpp\Release\hdf5-static.pdb'; linking object as if no debug info
libhdf5.lib(H5Tarray.obj) : warning LNK4099: PDB 'hdf5-static.pdb' was not found with 'libhdf5.lib(H5Tarray.obj)' or at 'C:\Users\IEUser\projects\hdf5Thumbnails\windows\cpp\Release\hdf5-static.pdb'; linking object as if no debug info
libhdf5.lib(H5Tbit.obj) : warning LNK4099: PDB 'hdf5-static.pdb' was not found with 'libhdf5.lib(H5Tbit.obj)' or at 'C:\Users\IEUser\projects\hdf5Thumbnails\windows\cpp\Release\hdf5-static.pdb'; linking object as if no debug info
libhdf5.lib(H5Tcommit.obj) : warning LNK4099: PDB 'hdf5-static.pdb' was not found with 'libhdf5.lib(H5Tcommit.obj)' or at 'C:\Users\IEUser\projects\hdf5Thumbnails\windows\cpp\Release\hdf5-static.pdb'; linking object as if no debug info
libhdf5.lib(H5Tcompound.obj) : warning LNK4099: PDB 'hdf5-static.pdb' was not found with 'libhdf5.lib(H5Tcompound.obj)' or at 'C:\Users\IEUser\projects\hdf5Thumbnails\windows\cpp\Release\hdf5-static.pdb'; linking object as if no debug info
libhdf5.lib(H5Tconv.obj) : warning LNK4099: PDB 'hdf5-static.pdb' was not found with 'libhdf5.lib(H5Tconv.obj)' or at 'C:\Users\IEUser\projects\hdf5Thumbnails\windows\cpp\Release\hdf5-static.pdb'; linking object as if no debug info
libhdf5.lib(H5Tcset.obj) : warning LNK4099: PDB 'hdf5-static.pdb' was not found with 'libhdf5.lib(H5Tcset.obj)' or at 'C:\Users\IEUser\projects\hdf5Thumbnails\windows\cpp\Release\hdf5-static.pdb'; linking object as if no debug info
libhdf5.lib(H5Tdbg.obj) : warning LNK4099: PDB 'hdf5-static.pdb' was not found with 'libhdf5.lib(H5Tdbg.obj)' or at 'C:\Users\IEUser\projects\hdf5Thumbnails\windows\cpp\Release\hdf5-static.pdb'; linking object as if no debug info
libhdf5.lib(H5Tdeprec.obj) : warning LNK4099: PDB 'hdf5-static.pdb' was not found with 'libhdf5.lib(H5Tdeprec.obj)' or at 'C:\Users\IEUser\projects\hdf5Thumbnails\windows\cpp\Release\hdf5-static.pdb'; linking object as if no debug info
libhdf5.lib(H5Tenum.obj) : warning LNK4099: PDB 'hdf5-static.pdb' was not found with 'libhdf5.lib(H5Tenum.obj)' or at 'C:\Users\IEUser\projects\hdf5Thumbnails\windows\cpp\Release\hdf5-static.pdb'; linking object as if no debug info
libhdf5.lib(H5Tfields.obj) : warning LNK4099: PDB 'hdf5-static.pdb' was not found with 'libhdf5.lib(H5Tfields.obj)' or at 'C:\Users\IEUser\projects\hdf5Thumbnails\windows\cpp\Release\hdf5-static.pdb'; linking object as if no debug info
libhdf5.lib(H5Tfixed.obj) : warning LNK4099: PDB 'hdf5-static.pdb' was not found with 'libhdf5.lib(H5Tfixed.obj)' or at 'C:\Users\IEUser\projects\hdf5Thumbnails\windows\cpp\Release\hdf5-static.pdb'; linking object as if no debug info
libhdf5.lib(H5Tfloat.obj) : warning LNK4099: PDB 'hdf5-static.pdb' was not found with 'libhdf5.lib(H5Tfloat.obj)' or at 'C:\Users\IEUser\projects\hdf5Thumbnails\windows\cpp\Release\hdf5-static.pdb'; linking object as if no debug info
libhdf5.lib(H5Tnative.obj) : warning LNK4099: PDB 'hdf5-static.pdb' was not found with 'libhdf5.lib(H5Tnative.obj)' or at 'C:\Users\IEUser\projects\hdf5Thumbnails\windows\cpp\Release\hdf5-static.pdb'; linking object as if no debug info
libhdf5.lib(H5Toffset.obj) : warning LNK4099: PDB 'hdf5-static.pdb' was not found with 'libhdf5.lib(H5Toffset.obj)' or at 'C:\Users\IEUser\projects\hdf5Thumbnails\windows\cpp\Release\hdf5-static.pdb'; linking object as if no debug info
libhdf5.lib(H5Toh.obj) : warning LNK4099: PDB 'hdf5-static.pdb' was not found with 'libhdf5.lib(H5Toh.obj)' or at 'C:\Users\IEUser\projects\hdf5Thumbnails\windows\cpp\Release\hdf5-static.pdb'; linking object as if no debug info
libhdf5.lib(H5Topaque.obj) : warning LNK4099: PDB 'hdf5-static.pdb' was not found with 'libhdf5.lib(H5Topaque.obj)' or at 'C:\Users\IEUser\projects\hdf5Thumbnails\windows\cpp\Release\hdf5-static.pdb'; linking object as if no debug info
libhdf5.lib(H5Torder.obj) : warning LNK4099: PDB 'hdf5-static.pdb' was not found with 'libhdf5.lib(H5Torder.obj)' or at 'C:\Users\IEUser\projects\hdf5Thumbnails\windows\cpp\Release\hdf5-static.pdb'; linking object as if no debug info
libhdf5.lib(H5Tpad.obj) : warning LNK4099: PDB 'hdf5-static.pdb' was not found with 'libhdf5.lib(H5Tpad.obj)' or at 'C:\Users\IEUser\projects\hdf5Thumbnails\windows\cpp\Release\hdf5-static.pdb'; linking object as if no debug info
libhdf5.lib(H5Tprecis.obj) : warning LNK4099: PDB 'hdf5-static.pdb' was not found with 'libhdf5.lib(H5Tprecis.obj)' or at 'C:\Users\IEUser\projects\hdf5Thumbnails\windows\cpp\Release\hdf5-static.pdb'; linking object as if no debug info
libhdf5.lib(H5Tstrpad.obj) : warning LNK4099: PDB 'hdf5-static.pdb' was not found with 'libhdf5.lib(H5Tstrpad.obj)' or at 'C:\Users\IEUser\projects\hdf5Thumbnails\windows\cpp\Release\hdf5-static.pdb'; linking object as if no debug info
libhdf5.lib(H5Tvisit.obj) : warning LNK4099: PDB 'hdf5-static.pdb' was not found with 'libhdf5.lib(H5Tvisit.obj)' or at 'C:\Users\IEUser\projects\hdf5Thumbnails\windows\cpp\Release\hdf5-static.pdb'; linking object as if no debug info
libhdf5.lib(H5Tvlen.obj) : warning LNK4099: PDB 'hdf5-static.pdb' was not found with 'libhdf5.lib(H5Tvlen.obj)' or at 'C:\Users\IEUser\projects\hdf5Thumbnails\windows\cpp\Release\hdf5-static.pdb'; linking object as if no debug info
libhdf5.lib(H5Z.obj) : warning LNK4099: PDB 'hdf5-static.pdb' was not found with 'libhdf5.lib(H5Z.obj)' or at 'C:\Users\IEUser\projects\hdf5Thumbnails\windows\cpp\Release\hdf5-static.pdb'; linking object as if no debug info
libhdf5.lib(H5Zdeflate.obj) : warning LNK4099: PDB 'hdf5-static.pdb' was not found with 'libhdf5.lib(H5Zdeflate.obj)' or at 'C:\Users\IEUser\projects\hdf5Thumbnails\windows\cpp\Release\hdf5-static.pdb'; linking object as if no debug info
libhdf5.lib(H5Zfletcher32.obj) : warning LNK4099: PDB 'hdf5-static.pdb' was not found with 'libhdf5.lib(H5Zfletcher32.obj)' or at 'C:\Users\IEUser\projects\hdf5Thumbnails\windows\cpp\Release\hdf5-static.pdb'; linking object as if no debug info
libhdf5.lib(H5Znbit.obj) : warning LNK4099: PDB 'hdf5-static.pdb' was not found with 'libhdf5.lib(H5Znbit.obj)' or at 'C:\Users\IEUser\projects\hdf5Thumbnails\windows\cpp\Release\hdf5-static.pdb'; linking object as if no debug info
libhdf5.lib(H5Zscaleoffset.obj) : warning LNK4099: PDB 'hdf5-static.pdb' was not found with 'libhdf5.lib(H5Zscaleoffset.obj)' or at 'C:\Users\IEUser\projects\hdf5Thumbnails\windows\cpp\Release\hdf5-static.pdb'; linking object as if no debug info
libhdf5.lib(H5Zshuffle.obj) : warning LNK4099: PDB 'hdf5-static.pdb' was not found with 'libhdf5.lib(H5Zshuffle.obj)' or at 'C:\Users\IEUser\projects\hdf5Thumbnails\windows\cpp\Release\hdf5-static.pdb'; linking object as if no debug info
libhdf5.lib(H5Zszip.obj) : warning LNK4099: PDB 'hdf5-static.pdb' was not found with 'libhdf5.lib(H5Zszip.obj)' or at 'C:\Users\IEUser\projects\hdf5Thumbnails\windows\cpp\Release\hdf5-static.pdb'; linking object as if no debug info
libhdf5.lib(H5Ztrans.obj) : warning LNK4099: PDB 'hdf5-static.pdb' was not found with 'libhdf5.lib(H5Ztrans.obj)' or at 'C:\Users\IEUser\projects\hdf5Thumbnails\windows\cpp\Release\hdf5-static.pdb'; linking object as if no debug info
libhdf5.lib(H5C.obj) : warning LNK4099: PDB 'hdf5-static.pdb' was not found with 'libhdf5.lib(H5C.obj)' or at 'C:\Users\IEUser\projects\hdf5Thumbnails\windows\cpp\Release\hdf5-static.pdb'; linking object as if no debug info
libhdf5.lib(H5FL.obj) : warning LNK4099: PDB 'hdf5-static.pdb' was not found with 'libhdf5.lib(H5FL.obj)' or at 'C:\Users\IEUser\projects\hdf5Thumbnails\windows\cpp\Release\hdf5-static.pdb'; linking object as if no debug info
libhdf5.lib(H5FO.obj) : warning LNK4099: PDB 'hdf5-static.pdb' was not found with 'libhdf5.lib(H5FO.obj)' or at 'C:\Users\IEUser\projects\hdf5Thumbnails\windows\cpp\Release\hdf5-static.pdb'; linking object as if no debug info
libhdf5.lib(H5I.obj) : warning LNK4099: PDB 'hdf5-static.pdb' was not found with 'libhdf5.lib(H5I.obj)' or at 'C:\Users\IEUser\projects\hdf5Thumbnails\windows\cpp\Release\hdf5-static.pdb'; linking object as if no debug info
libhdf5.lib(H5L.obj) : warning LNK4099: PDB 'hdf5-static.pdb' was not found with 'libhdf5.lib(H5L.obj)' or at 'C:\Users\IEUser\projects\hdf5Thumbnails\windows\cpp\Release\hdf5-static.pdb'; linking object as if no debug info
libhdf5.lib(H5Lexternal.obj) : warning LNK4099: PDB 'hdf5-static.pdb' was not found with 'libhdf5.lib(H5Lexternal.obj)' or at 'C:\Users\IEUser\projects\hdf5Thumbnails\windows\cpp\Release\hdf5-static.pdb'; linking object as if no debug info
libhdf5.lib(H5MM.obj) : warning LNK4099: PDB 'hdf5-static.pdb' was not found with 'libhdf5.lib(H5MM.obj)' or at 'C:\Users\IEUser\projects\hdf5Thumbnails\windows\cpp\Release\hdf5-static.pdb'; linking object as if no debug info
libhdf5.lib(H5SL.obj) : warning LNK4099: PDB 'hdf5-static.pdb' was not found with 'libhdf5.lib(H5SL.obj)' or at 'C:\Users\IEUser\projects\hdf5Thumbnails\windows\cpp\Release\hdf5-static.pdb'; linking object as if no debug info
libhdf5.lib(H5VM.obj) : warning LNK4099: PDB 'hdf5-static.pdb' was not found with 'libhdf5.lib(H5VM.obj)' or at 'C:\Users\IEUser\projects\hdf5Thumbnails\windows\cpp\Release\hdf5-static.pdb'; linking object as if no debug info
libhdf5.lib(H5WB.obj) : warning LNK4099: PDB 'hdf5-static.pdb' was not found with 'libhdf5.lib(H5WB.obj)' or at 'C:\Users\IEUser\projects\hdf5Thumbnails\windows\cpp\Release\hdf5-static.pdb'; linking object as if no debug info
libhdf5.lib(H5Tinit.obj) : warning LNK4099: PDB 'hdf5-static.pdb' was not found with 'libhdf5.lib(H5Tinit.obj)' or at 'C:\Users\IEUser\projects\hdf5Thumbnails\windows\cpp\Release\hdf5-static.pdb'; linking object as if no debug info
libhdf5.lib(H5lib_settings.obj) : warning LNK4099: PDB 'hdf5-static.pdb' was not found with 'libhdf5.lib(H5lib_settings.obj)' or at 'C:\Users\IEUser\projects\hdf5Thumbnails\windows\cpp\Release\hdf5-static.pdb'; linking object as if no debug info
libhdf5_cpp.lib(H5AbstractDs.obj) : warning LNK4099: PDB 'hdf5_cpp-static.pdb' was not found with 'libhdf5_cpp.lib(H5AbstractDs.obj)' or at 'C:\Users\IEUser\projects\hdf5Thumbnails\windows\cpp\Release\hdf5_cpp-static.pdb'; linking object as if no debug info
libhdf5_cpp.lib(H5ArrayType.obj) : warning LNK4099: PDB 'hdf5_cpp-static.pdb' was not found with 'libhdf5_cpp.lib(H5ArrayType.obj)' or at 'C:\Users\IEUser\projects\hdf5Thumbnails\windows\cpp\Release\hdf5_cpp-static.pdb'; linking object as if no debug info
libhdf5_cpp.lib(H5AtomType.obj) : warning LNK4099: PDB 'hdf5_cpp-static.pdb' was not found with 'libhdf5_cpp.lib(H5AtomType.obj)' or at 'C:\Users\IEUser\projects\hdf5Thumbnails\windows\cpp\Release\hdf5_cpp-static.pdb'; linking object as if no debug info
libhdf5_cpp.lib(H5Attribute.obj) : warning LNK4099: PDB 'hdf5_cpp-static.pdb' was not found with 'libhdf5_cpp.lib(H5Attribute.obj)' or at 'C:\Users\IEUser\projects\hdf5Thumbnails\windows\cpp\Release\hdf5_cpp-static.pdb'; linking object as if no debug info
libhdf5_cpp.lib(H5CommonFG.obj) : warning LNK4099: PDB 'hdf5_cpp-static.pdb' was not found with 'libhdf5_cpp.lib(H5CommonFG.obj)' or at 'C:\Users\IEUser\projects\hdf5Thumbnails\windows\cpp\Release\hdf5_cpp-static.pdb'; linking object as if no debug info
libhdf5_cpp.lib(H5CompType.obj) : warning LNK4099: PDB 'hdf5_cpp-static.pdb' was not found with 'libhdf5_cpp.lib(H5CompType.obj)' or at 'C:\Users\IEUser\projects\hdf5Thumbnails\windows\cpp\Release\hdf5_cpp-static.pdb'; linking object as if no debug info
libhdf5_cpp.lib(H5DataSet.obj) : warning LNK4099: PDB 'hdf5_cpp-static.pdb' was not found with 'libhdf5_cpp.lib(H5DataSet.obj)' or at 'C:\Users\IEUser\projects\hdf5Thumbnails\windows\cpp\Release\hdf5_cpp-static.pdb'; linking object as if no debug info
libhdf5_cpp.lib(H5DataSpace.obj) : warning LNK4099: PDB 'hdf5_cpp-static.pdb' was not found with 'libhdf5_cpp.lib(H5DataSpace.obj)' or at 'C:\Users\IEUser\projects\hdf5Thumbnails\windows\cpp\Release\hdf5_cpp-static.pdb'; linking object as if no debug info
libhdf5_cpp.lib(H5DataType.obj) : warning LNK4099: PDB 'hdf5_cpp-static.pdb' was not found with 'libhdf5_cpp.lib(H5DataType.obj)' or at 'C:\Users\IEUser\projects\hdf5Thumbnails\windows\cpp\Release\hdf5_cpp-static.pdb'; linking object as if no debug info
libhdf5_cpp.lib(H5DcreatProp.obj) : warning LNK4099: PDB 'hdf5_cpp-static.pdb' was not found with 'libhdf5_cpp.lib(H5DcreatProp.obj)' or at 'C:\Users\IEUser\projects\hdf5Thumbnails\windows\cpp\Release\hdf5_cpp-static.pdb'; linking object as if no debug info
libhdf5_cpp.lib(H5DxferProp.obj) : warning LNK4099: PDB 'hdf5_cpp-static.pdb' was not found with 'libhdf5_cpp.lib(H5DxferProp.obj)' or at 'C:\Users\IEUser\projects\hdf5Thumbnails\windows\cpp\Release\hdf5_cpp-static.pdb'; linking object as if no debug info
libhdf5_cpp.lib(H5EnumType.obj) : warning LNK4099: PDB 'hdf5_cpp-static.pdb' was not found with 'libhdf5_cpp.lib(H5EnumType.obj)' or at 'C:\Users\IEUser\projects\hdf5Thumbnails\windows\cpp\Release\hdf5_cpp-static.pdb'; linking object as if no debug info
libhdf5_cpp.lib(H5Exception.obj) : warning LNK4099: PDB 'hdf5_cpp-static.pdb' was not found with 'libhdf5_cpp.lib(H5Exception.obj)' or at 'C:\Users\IEUser\projects\hdf5Thumbnails\windows\cpp\Release\hdf5_cpp-static.pdb'; linking object as if no debug info
libhdf5_cpp.lib(H5FaccProp.obj) : warning LNK4099: PDB 'hdf5_cpp-static.pdb' was not found with 'libhdf5_cpp.lib(H5FaccProp.obj)' or at 'C:\Users\IEUser\projects\hdf5Thumbnails\windows\cpp\Release\hdf5_cpp-static.pdb'; linking object as if no debug info
libhdf5_cpp.lib(H5FcreatProp.obj) : warning LNK4099: PDB 'hdf5_cpp-static.pdb' was not found with 'libhdf5_cpp.lib(H5FcreatProp.obj)' or at 'C:\Users\IEUser\projects\hdf5Thumbnails\windows\cpp\Release\hdf5_cpp-static.pdb'; linking object as if no debug info
libhdf5_cpp.lib(H5File.obj) : warning LNK4099: PDB 'hdf5_cpp-static.pdb' was not found with 'libhdf5_cpp.lib(H5File.obj)' or at 'C:\Users\IEUser\projects\hdf5Thumbnails\windows\cpp\Release\hdf5_cpp-static.pdb'; linking object as if no debug info
libhdf5_cpp.lib(H5FloatType.obj) : warning LNK4099: PDB 'hdf5_cpp-static.pdb' was not found with 'libhdf5_cpp.lib(H5FloatType.obj)' or at 'C:\Users\IEUser\projects\hdf5Thumbnails\windows\cpp\Release\hdf5_cpp-static.pdb'; linking object as if no debug info
libhdf5_cpp.lib(H5Group.obj) : warning LNK4099: PDB 'hdf5_cpp-static.pdb' was not found with 'libhdf5_cpp.lib(H5Group.obj)' or at 'C:\Users\IEUser\projects\hdf5Thumbnails\windows\cpp\Release\hdf5_cpp-static.pdb'; linking object as if no debug info
libhdf5_cpp.lib(H5IdComponent.obj) : warning LNK4099: PDB 'hdf5_cpp-static.pdb' was not found with 'libhdf5_cpp.lib(H5IdComponent.obj)' or at 'C:\Users\IEUser\projects\hdf5Thumbnails\windows\cpp\Release\hdf5_cpp-static.pdb'; linking object as if no debug info
libhdf5_cpp.lib(H5IntType.obj) : warning LNK4099: PDB 'hdf5_cpp-static.pdb' was not found with 'libhdf5_cpp.lib(H5IntType.obj)' or at 'C:\Users\IEUser\projects\hdf5Thumbnails\windows\cpp\Release\hdf5_cpp-static.pdb'; linking object as if no debug info
libhdf5_cpp.lib(H5Library.obj) : warning LNK4099: PDB 'hdf5_cpp-static.pdb' was not found with 'libhdf5_cpp.lib(H5Library.obj)' or at 'C:\Users\IEUser\projects\hdf5Thumbnails\windows\cpp\Release\hdf5_cpp-static.pdb'; linking object as if no debug info
libhdf5_cpp.lib(H5Location.obj) : warning LNK4099: PDB 'hdf5_cpp-static.pdb' was not found with 'libhdf5_cpp.lib(H5Location.obj)' or at 'C:\Users\IEUser\projects\hdf5Thumbnails\windows\cpp\Release\hdf5_cpp-static.pdb'; linking object as if no debug info
libhdf5_cpp.lib(H5Object.obj) : warning LNK4099: PDB 'hdf5_cpp-static.pdb' was not found with 'libhdf5_cpp.lib(H5Object.obj)' or at 'C:\Users\IEUser\projects\hdf5Thumbnails\windows\cpp\Release\hdf5_cpp-static.pdb'; linking object as if no debug info
libhdf5_cpp.lib(H5OcreatProp.obj) : warning LNK4099: PDB 'hdf5_cpp-static.pdb' was not found with 'libhdf5_cpp.lib(H5OcreatProp.obj)' or at 'C:\Users\IEUser\projects\hdf5Thumbnails\windows\cpp\Release\hdf5_cpp-static.pdb'; linking object as if no debug info
libhdf5_cpp.lib(H5PredType.obj) : warning LNK4099: PDB 'hdf5_cpp-static.pdb' was not found with 'libhdf5_cpp.lib(H5PredType.obj)' or at 'C:\Users\IEUser\projects\hdf5Thumbnails\windows\cpp\Release\hdf5_cpp-static.pdb'; linking object as if no debug info
libhdf5_cpp.lib(H5PropList.obj) : warning LNK4099: PDB 'hdf5_cpp-static.pdb' was not found with 'libhdf5_cpp.lib(H5PropList.obj)' or at 'C:\Users\IEUser\projects\hdf5Thumbnails\windows\cpp\Release\hdf5_cpp-static.pdb'; linking object as if no debug info
libhdf5_cpp.lib(H5StrType.obj) : warning LNK4099: PDB 'hdf5_cpp-static.pdb' was not found with 'libhdf5_cpp.lib(H5StrType.obj)' or at 'C:\Users\IEUser\projects\hdf5Thumbnails\windows\cpp\Release\hdf5_cpp-static.pdb'; linking object as if no debug info
libhdf5_cpp.lib(H5VarLenType.obj) : warning LNK4099: PDB 'hdf5_cpp-static.pdb' was not found with 'libhdf5_cpp.lib(H5VarLenType.obj)' or at 'C:\Users\IEUser\projects\hdf5Thumbnails\windows\cpp\Release\hdf5_cpp-static.pdb'; linking object as if no debug info
  CppShellExtThumbnailHandler.vcxproj -> C:\Users\IEUser\projects\hdf5Thumbnails\windows\cpp\Release\CppShellExtThumbnailHandler.dll
  CppShellExtThumbnailHandler.vcxproj -> C:\Users\IEUser\projects\hdf5Thumbnails\windows\cpp\Release\CppShellExtThumbnailHandler.pdb (Full PDB)
